<?xml version="1.0" encoding="UTF-8"?>
<!-- Generated by org.testng.reporters.JUnitReportReporter -->
<testsuite hostname="DESKTOP-GUHQSEO" failures="0" tests="2" name="MagnetoWebsite.Application" time="4.126" errors="0" timestamp="2024-03-01T10:52:10 IST" skipped="0">
  <testcase classname="MagnetoWebsite.Application" name="HomePage" time="1.722"/>
  <system-out/>
  <testcase classname="MagnetoWebsite.Application" name="SignIn" time="2.404"/>
  <system-out/>
</testsuite> <!-- MagnetoWebsite.Application -->
