<?xml version="1.0" encoding="UTF-8"?>
<!-- Generated by org.testng.reporters.JUnitReportReporter -->
<testsuite hostname="DESKTOP-GUHQSEO" failures="0" tests="1" name="TestNGParallelExecution.TestNGParallel2" time="8.262" errors="0" timestamp="2024-02-29T16:50:27 IST" skipped="0">
  <testcase classname="TestNGParallelExecution.TestNGParallel2" name="openInstagram" time="8.262"/>
  <system-out/>
</testsuite> <!-- TestNGParallelExecution.TestNGParallel2 -->
