<?xml version="1.0" encoding="UTF-8"?>
<!-- Generated by org.testng.reporters.JUnitReportReporter -->
<testsuite hostname="DESKTOP-GUHQSEO" failures="0" tests="1" name="TestNGParallelExecution.TestNGParallel3" time="0.005" errors="0" timestamp="2024-02-29T16:50:27 IST" skipped="0">
  <testcase classname="TestNGParallelExecution.TestNGParallel3" name="testMethod2" time="0.005"/>
  <system-out/>
</testsuite> <!-- TestNGParallelExecution.TestNGParallel3 -->
