<?xml version="1.0" encoding="UTF-8"?>
<!-- Generated by org.testng.reporters.JUnitReportReporter -->
<testsuite hostname="DESKTOP-GUHQSEO" failures="0" tests="2" name="TestNGScript.ReportGenrationTestNG" time="4.108" errors="0" timestamp="2024-02-29T11:03:12 IST" skipped="0">
  <testcase classname="TestNGScript.ReportGenrationTestNG" name="addItemToBasket" time="2.463"/>
  <system-out/>
  <testcase classname="TestNGScript.ReportGenrationTestNG" name="checkItemAddedToCart" time="1.645"/>
  <system-out/>
</testsuite> <!-- TestNGScript.ReportGenrationTestNG -->
