<?xml version="1.0" encoding="UTF-8"?>
<!-- Generated by org.testng.reporters.JUnitReportReporter -->
<testsuite hostname="DESKTOP-GUHQSEO" failures="0" tests="3" name="TestScripts.TestNGParallel1" time="9.061" errors="0" timestamp="2024-02-28T19:36:06 IST" skipped="0">
  <testcase classname="TestScripts.TestNGParallel1" name="openFacebook" time="9.054"/>
  <system-out/>
  <testcase classname="TestScripts.TestNGParallel1" name="testMethod1" time="0.003"/>
  <system-out/>
  <testcase classname="TestScripts.TestNGParallel1" name="testMethod2" time="0.004"/>
  <system-out/>
</testsuite> <!-- TestScripts.TestNGParallel1 -->
