<?xml version="1.0" encoding="UTF-8"?>
<!-- Generated by org.testng.reporters.JUnitReportReporter -->
<testsuite hostname="DESKTOP-GUHQSEO" failures="0" tests="1" name="TestScripts.TestNG2" time="0.014" errors="0" timestamp="2024-02-28T10:55:56 IST" skipped="0">
  <testcase classname="TestScripts.TestNG2" name="checkCart" time="0.014"/>
  <system-out/>
</testsuite> <!-- TestScripts.TestNG2 -->
