<?xml version="1.0" encoding="UTF-8"?>
<!-- Generated by org.testng.reporters.JUnitReportReporter -->
<testsuite hostname="DESKTOP-GUHQSEO" failures="0" tests="1" name="pom.BuyBook" time="14.340" errors="0" timestamp="2024-02-29T11:05:34 IST" skipped="0">
  <testcase classname="pom.BuyBook" name="BuyBook" time="14.340"/>
  <system-out/>
</testsuite> <!-- pom.BuyBook -->
