<?xml version="1.0" encoding="UTF-8"?>
<!-- Generated by org.testng.reporters.JUnitReportReporter -->
<testsuite hostname="DESKTOP-GUHQSEO" failures="0" tests="5" name="TestNGScript.TestNGCartCheck" time="15.310" errors="0" timestamp="2024-02-29T18:06:11 IST" skipped="0">
  <testcase classname="TestNGScript.TestNGCartCheck" name="Login" time="1.824"/>
  <system-out/>
  <testcase classname="TestNGScript.TestNGCartCheck" name="checkCart" time="7.077"/>
  <system-out/>
  <testcase classname="TestNGScript.TestNGCartCheck" name="Login" time="2.473"/>
  <system-out/>
  <testcase classname="TestNGScript.TestNGCartCheck" name="Login" time="1.247"/>
  <system-out/>
  <testcase classname="TestNGScript.TestNGCartCheck" name="Login" time="2.689"/>
  <system-out/>
</testsuite> <!-- TestNGScript.TestNGCartCheck -->
