<?xml version="1.0" encoding="UTF-8"?>
<!-- Generated by org.testng.reporters.JUnitReportReporter -->
<testsuite hostname="DESKTOP-GUHQSEO" failures="0" tests="4" name="TestScripts.TestNGParallel3" time="6.685" errors="0" timestamp="2024-02-28T19:36:06 IST" skipped="0">
  <testcase classname="TestScripts.TestNGParallel3" name="testMethod1" time="0.004"/>
  <system-out/>
  <testcase classname="TestScripts.TestNGParallel3" name="testMethod2" time="0.002"/>
  <system-out/>
  <testcase classname="TestScripts.TestNGParallel3" name="openTwitter" time="6.677"/>
  <system-out/>
  <testcase classname="TestScripts.TestNGParallel3" name="testMethod3" time="0.002"/>
  <system-out/>
</testsuite> <!-- TestScripts.TestNGParallel3 -->
