<?xml version="1.0" encoding="UTF-8"?>
<!-- Generated by org.testng.reporters.JUnitReportReporter -->
<testsuite hostname="DESKTOP-GUHQSEO" failures="0" tests="1" name="TestScripts.TestNG1" time="6.488" errors="0" timestamp="2024-02-28T11:31:41 IST" skipped="0">
  <testcase classname="TestScripts.TestNG1" name="checkCart" time="6.488"/>
  <system-out/>
</testsuite> <!-- TestScripts.TestNG1 -->
