<?xml version="1.0" encoding="UTF-8"?>
<!-- Generated by org.testng.reporters.JUnitReportReporter -->
<testsuite hostname="DESKTOP-GUHQSEO" failures="0" tests="2" name="TestScripts.ReportGenrationTestNG" time="4.285" errors="0" timestamp="2024-02-29T10:34:09 IST" skipped="0">
  <testcase classname="TestScripts.ReportGenrationTestNG" name="addItemToBasket" time="2.528"/>
  <system-out/>
  <testcase classname="TestScripts.ReportGenrationTestNG" name="checkItemAddedToCart" time="1.757"/>
  <system-out/>
</testsuite> <!-- TestScripts.ReportGenrationTestNG -->
