<?xml version="1.0" encoding="UTF-8"?>
<!-- Generated by org.testng.reporters.JUnitReportReporter -->
<testsuite hostname="DESKTOP-GUHQSEO" failures="0" tests="2" name="TestScripts.TestNGParallel2" time="8.730" errors="0" timestamp="2024-02-28T19:36:06 IST" skipped="0">
  <testcase classname="TestScripts.TestNGParallel2" name="openInstagram" time="8.728"/>
  <system-out/>
  <testcase classname="TestScripts.TestNGParallel2" name="testMethod1" time="0.002"/>
  <system-out/>
</testsuite> <!-- TestScripts.TestNGParallel2 -->
